2024-07-08 09:42:45 [scrapy.utils.log] INFO: Scrapy 2.11.2 started (bot: get_ac)
2024-07-08 09:42:45 [scrapy.utils.log] INFO: Versions: lxml 5.2.2.0, libxml2 2.11.7, cssselect 1.2.0, parsel 1.9.1, w3lib 2.2.1, Twisted 24.3.0, Python 3.11.4 (tags/v3.11.4:d2340ef, Jun  7 2023, 05:45:37) [MSC v.1934 64 bit (AMD64)], pyOpenSSL 24.1.0 (OpenSSL 3.2.2 4 Jun 2024), cryptography 42.0.8, Platform Windows-10-10.0.19043-SP0
2024-07-08 09:42:45 [scrapy.addons] INFO: Enabled addons:
[]
2024-07-08 09:42:45 [asyncio] DEBUG: Using selector: SelectSelector
2024-07-08 09:42:45 [scrapy.utils.log] DEBUG: Using reactor: twisted.internet.asyncioreactor.AsyncioSelectorReactor
2024-07-08 09:42:45 [scrapy.utils.log] DEBUG: Using asyncio event loop: asyncio.windows_events._WindowsSelectorEventLoop
2024-07-08 09:42:45 [scrapy.extensions.telnet] INFO: Telnet Password: f2f4b67e5608dffd
2024-07-08 09:42:45 [scrapy.middleware] INFO: Enabled extensions:
['scrapy.extensions.corestats.CoreStats',
 'scrapy.extensions.telnet.TelnetConsole',
 'scrapy.extensions.logstats.LogStats']
2024-07-08 09:42:45 [scrapy.crawler] INFO: Overridden settings:
{'BOT_NAME': 'get_ac',
 'FEED_EXPORT_ENCODING': 'utf-8',
 'LOG_FILE': 'ac.log',
 'NEWSPIDER_MODULE': 'get_ac.spiders',
 'REQUEST_FINGERPRINTER_IMPLEMENTATION': '2.7',
 'SPIDER_MODULES': ['get_ac.spiders'],
 'TWISTED_REACTOR': 'twisted.internet.asyncioreactor.AsyncioSelectorReactor'}
2024-07-08 09:42:46 [scrapy.middleware] INFO: Enabled downloader middlewares:
['scrapy.downloadermiddlewares.offsite.OffsiteMiddleware',
 'scrapy.downloadermiddlewares.httpauth.HttpAuthMiddleware',
 'scrapy.downloadermiddlewares.downloadtimeout.DownloadTimeoutMiddleware',
 'scrapy.downloadermiddlewares.defaultheaders.DefaultHeadersMiddleware',
 'scrapy.downloadermiddlewares.useragent.UserAgentMiddleware',
 'scrapy.downloadermiddlewares.retry.RetryMiddleware',
 'scrapy.downloadermiddlewares.redirect.MetaRefreshMiddleware',
 'scrapy.downloadermiddlewares.httpcompression.HttpCompressionMiddleware',
 'scrapy.downloadermiddlewares.redirect.RedirectMiddleware',
 'scrapy.downloadermiddlewares.cookies.CookiesMiddleware',
 'scrapy.downloadermiddlewares.httpproxy.HttpProxyMiddleware',
 'scrapy.downloadermiddlewares.stats.DownloaderStats']
2024-07-08 09:42:46 [scrapy.middleware] INFO: Enabled spider middlewares:
['scrapy.spidermiddlewares.httperror.HttpErrorMiddleware',
 'scrapy.spidermiddlewares.referer.RefererMiddleware',
 'scrapy.spidermiddlewares.urllength.UrlLengthMiddleware',
 'scrapy.spidermiddlewares.depth.DepthMiddleware']
2024-07-08 09:42:46 [scrapy.middleware] INFO: Enabled item pipelines:
[]
2024-07-08 09:42:46 [scrapy.core.engine] INFO: Spider opened
2024-07-08 09:42:46 [scrapy.extensions.logstats] INFO: Crawled 0 pages (at 0 pages/min), scraped 0 items (at 0 items/min)
2024-07-08 09:42:46 [py.warnings] WARNING: C:\Users\Administrator\AppData\Roaming\Python\Python311\site-packages\scrapy\downloadermiddlewares\offsite.py:67: UserWarning: allowed_domains accepts only domains, not URLs. Ignoring URL entry https://atcoder.jp/contests in allowed_domains.
  warnings.warn(message)

2024-07-08 09:42:46 [scrapy.extensions.telnet] INFO: Telnet console listening on 127.0.0.1:6023
2024-07-08 09:42:46 [scrapy.core.engine] DEBUG: Crawled (200) <GET https://atcoder.jp/contests/archive?page=3> (referer: None)
2024-07-08 09:42:46 [scrapy.core.engine] DEBUG: Crawled (200) <GET https://atcoder.jp/contests/archive?page=5> (referer: None)
2024-07-08 09:42:47 [scrapy.downloadermiddlewares.retry] DEBUG: Retrying <GET https://atcoder.jp/contests/archive?page=8> (failed 1 times): 429 Unknown Status
2024-07-08 09:42:47 [scrapy.downloadermiddlewares.retry] DEBUG: Retrying <GET https://atcoder.jp/contests/archive?page=2> (failed 1 times): 429 Unknown Status
2024-07-08 09:42:47 [scrapy.core.engine] DEBUG: Crawled (200) <GET https://atcoder.jp/contests/archive?page=7> (referer: None)
2024-07-08 09:42:47 [scrapy.core.engine] DEBUG: Crawled (200) <GET https://atcoder.jp/contests/archive?page=4> (referer: None)
2024-07-08 09:42:47 [scrapy.core.engine] DEBUG: Crawled (200) <GET https://atcoder.jp/contests/archive?page=6> (referer: None)
2024-07-08 09:42:47 [scrapy.core.engine] DEBUG: Crawled (200) <GET https://atcoder.jp/contests/archive?page=1> (referer: None)
2024-07-08 09:42:47 [scrapy.downloadermiddlewares.retry] DEBUG: Retrying <GET https://atcoder.jp/contests/archive?page=9> (failed 1 times): 429 Unknown Status
2024-07-08 09:42:47 [scrapy.downloadermiddlewares.retry] DEBUG: Retrying <GET https://atcoder.jp/contests/archive?page=12> (failed 1 times): 429 Unknown Status
2024-07-08 09:42:47 [scrapy.core.engine] DEBUG: Crawled (200) <GET https://atcoder.jp/contests/archive?page=10> (referer: None)
2024-07-08 09:42:47 [scrapy.core.engine] DEBUG: Crawled (200) <GET https://atcoder.jp/contests/archive?page=11> (referer: None)
2024-07-08 09:42:47 [scrapy.downloadermiddlewares.retry] DEBUG: Retrying <GET https://atcoder.jp/contests/archive?page=13> (failed 1 times): 429 Unknown Status
2024-07-08 09:42:47 [scrapy.downloadermiddlewares.retry] DEBUG: Retrying <GET https://atcoder.jp/contests/archive?page=2> (failed 2 times): 429 Unknown Status
2024-07-08 09:42:47 [scrapy.core.engine] DEBUG: Crawled (200) <GET https://atcoder.jp/contests/archive?page=8> (referer: None)
2024-07-08 09:42:47 [scrapy.downloadermiddlewares.retry] DEBUG: Retrying <GET https://atcoder.jp/contests/archive?page=9> (failed 2 times): 429 Unknown Status
2024-07-08 09:42:47 [scrapy.downloadermiddlewares.retry] ERROR: Gave up retrying <GET https://atcoder.jp/contests/archive?page=2> (failed 3 times): 429 Unknown Status
2024-07-08 09:42:47 [scrapy.core.engine] DEBUG: Crawled (429) <GET https://atcoder.jp/contests/archive?page=2> (referer: None)
2024-07-08 09:42:47 [scrapy.core.engine] DEBUG: Crawled (200) <GET https://atcoder.jp/contests/archive?page=12> (referer: None)
2024-07-08 09:42:47 [scrapy.core.engine] DEBUG: Crawled (200) <GET https://atcoder.jp/contests/archive?page=13> (referer: None)
2024-07-08 09:42:47 [scrapy.spidermiddlewares.httperror] INFO: Ignoring response <429 https://atcoder.jp/contests/archive?page=2>: HTTP status code is not handled or not allowed
2024-07-08 09:42:48 [scrapy.core.engine] DEBUG: Crawled (200) <GET https://atcoder.jp/contests/archive?page=9> (referer: None)
2024-07-08 09:42:48 [scrapy.core.engine] INFO: Closing spider (finished)
2024-07-08 09:42:48 [scrapy.statscollectors] INFO: Dumping Scrapy stats:
{'downloader/request_bytes': 6004,
 'downloader/request_count': 20,
 'downloader/request_method_count/GET': 20,
 'downloader/response_bytes': 75004,
 'downloader/response_count': 20,
 'downloader/response_status_count/200': 12,
 'downloader/response_status_count/429': 8,
 'elapsed_time_seconds': 2.096485,
 'finish_reason': 'finished',
 'finish_time': datetime.datetime(2024, 7, 8, 1, 42, 48, 291564, tzinfo=datetime.timezone.utc),
 'httpcompression/response_bytes': 460430,
 'httpcompression/response_count': 12,
 'httperror/response_ignored_count': 1,
 'httperror/response_ignored_status_count/429': 1,
 'log_count/DEBUG': 23,
 'log_count/ERROR': 1,
 'log_count/INFO': 11,
 'log_count/WARNING': 1,
 'response_received_count': 13,
 'retry/count': 7,
 'retry/max_reached': 1,
 'retry/reason_count/429 Unknown Status': 7,
 'scheduler/dequeued': 20,
 'scheduler/dequeued/memory': 20,
 'scheduler/enqueued': 20,
 'scheduler/enqueued/memory': 20,
 'start_time': datetime.datetime(2024, 7, 8, 1, 42, 46, 195079, tzinfo=datetime.timezone.utc)}
2024-07-08 09:42:48 [scrapy.core.engine] INFO: Spider closed (finished)
